[2024-11-17 11:42:08,943: INFO: main: welcome to our custom log]
[2024-11-17 11:46:59,175: INFO: main: welcome to our custom log]
[2024-11-17 11:51:25,503: INFO: common: yaml file: config\config.yaml loaded successfully]
[2024-11-17 11:51:25,504: INFO: common: yaml file: params.yaml loaded successfully]
[2024-11-17 11:51:25,505: INFO: common: created directory at: artifacts]
[2024-11-17 11:51:25,506: INFO: common: created directory at: artifacts/data_ingestion]
[2024-11-17 11:51:25,507: INFO: 986331348: Downloading data from https://drive.google.com/file/d/1vlhZ5c7abUKF8xXERIw6m9Te8fW7ohw3/view?usp=sharing into file artifacts/data_ingestion/data.zip]
[2024-11-17 11:51:44,533: INFO: 986331348: Downloaded data from https://drive.google.com/file/d/1vlhZ5c7abUKF8xXERIw6m9Te8fW7ohw3/view?usp=sharing into file artifacts/data_ingestion/data.zip]
[2024-11-19 11:14:10,849: INFO: main: >>>>>> stage Data Ingestion stage started <<<<<<]
[2024-11-19 11:14:10,850: INFO: common: yaml file: config\config.yaml loaded successfully]
[2024-11-19 11:14:10,851: INFO: common: yaml file: params.yaml loaded successfully]
[2024-11-19 11:14:10,851: INFO: common: created directory at: artifacts]
[2024-11-19 11:14:10,851: INFO: common: created directory at: artifacts/data_ingestion]
[2024-11-19 11:14:10,851: INFO: data_ingestion: Downloading data from https://drive.google.com/file/d/1vlhZ5c7abUKF8xXERIw6m9Te8fW7ohw3/view?usp=sharing into file artifacts/data_ingestion/data.zip]
[2024-11-19 11:14:22,749: INFO: data_ingestion: Downloaded data from https://drive.google.com/file/d/1vlhZ5c7abUKF8xXERIw6m9Te8fW7ohw3/view?usp=sharing into file artifacts/data_ingestion/data.zip]
[2024-11-19 11:14:23,261: INFO: main: >>>>>> stage Data Ingestion stage completed <<<<<<

x==========x]
[2024-11-19 11:23:17,805: INFO: main: >>>>>> stage Data Ingestion stage started <<<<<<]
[2024-11-19 11:23:17,807: INFO: common: yaml file: config\config.yaml loaded successfully]
[2024-11-19 11:23:17,807: INFO: common: yaml file: params.yaml loaded successfully]
[2024-11-19 11:23:17,808: INFO: common: created directory at: artifacts]
[2024-11-19 11:23:17,808: INFO: common: created directory at: artifacts/data_ingestion]
[2024-11-19 11:23:17,809: INFO: data_ingestion: Downloading data from https://drive.google.com/file/d/1vlhZ5c7abUKF8xXERIw6m9Te8fW7ohw3/view?usp=sharing into file artifacts/data_ingestion/data.zip]
[2024-11-19 11:23:29,269: INFO: data_ingestion: Downloaded data from https://drive.google.com/file/d/1vlhZ5c7abUKF8xXERIw6m9Te8fW7ohw3/view?usp=sharing into file artifacts/data_ingestion/data.zip]
[2024-11-19 11:23:29,738: INFO: main: >>>>>> stage Data Ingestion stage completed <<<<<<

x==========x]
[2024-11-19 22:34:00,687: INFO: common: yaml file: config\config.yaml loaded successfully]
[2024-11-19 22:34:00,691: INFO: common: yaml file: params.yaml loaded successfully]
[2024-11-19 22:34:00,707: INFO: common: created directory at: artifacts]
[2024-11-19 22:34:00,707: INFO: common: created directory at: artifacts/prepare_base_model]
[2024-11-19 22:34:14,394: WARNING: saving_api: You are saving your model as an HDF5 file via `model.save()` or `keras.saving.save_model(model)`. This file format is considered legacy. We recommend using instead the native Keras format, e.g. `model.save('my_model.keras')` or `keras.saving.save_model(model, 'my_model.keras')`. ]
[2024-11-19 22:34:14,505: WARNING: saving_api: You are saving your model as an HDF5 file via `model.save()` or `keras.saving.save_model(model)`. This file format is considered legacy. We recommend using instead the native Keras format, e.g. `model.save('my_model.keras')` or `keras.saving.save_model(model, 'my_model.keras')`. ]
[2024-11-19 22:53:18,380: INFO: main: >>>>>> stage Data Ingestion stage started <<<<<<]
[2024-11-19 22:53:18,381: INFO: common: yaml file: config\config.yaml loaded successfully]
[2024-11-19 22:53:18,382: INFO: common: yaml file: params.yaml loaded successfully]
[2024-11-19 22:53:18,382: INFO: common: created directory at: artifacts]
[2024-11-19 22:53:18,383: INFO: common: created directory at: artifacts/data_ingestion]
[2024-11-19 22:53:18,383: INFO: data_ingestion: Downloading data from https://drive.google.com/file/d/1vlhZ5c7abUKF8xXERIw6m9Te8fW7ohw3/view?usp=sharing into file artifacts/data_ingestion/data.zip]
[2024-11-19 22:53:38,045: INFO: data_ingestion: Downloaded data from https://drive.google.com/file/d/1vlhZ5c7abUKF8xXERIw6m9Te8fW7ohw3/view?usp=sharing into file artifacts/data_ingestion/data.zip]
[2024-11-19 22:53:38,655: INFO: main: >>>>>> stage Data Ingestion stage completed <<<<<<

x==========x]
[2024-11-19 22:53:38,655: INFO: main: *******************]
[2024-11-19 22:53:38,655: INFO: main: >>>>>> stage Prepare base model started <<<<<<]
[2024-11-19 22:53:38,656: INFO: common: yaml file: config\config.yaml loaded successfully]
[2024-11-19 22:53:38,657: INFO: common: yaml file: params.yaml loaded successfully]
[2024-11-19 22:53:38,657: INFO: common: created directory at: artifacts]
[2024-11-19 22:53:38,657: INFO: common: created directory at: artifacts/prepare_base_model]
[2024-11-19 22:53:38,893: WARNING: saving_api: You are saving your model as an HDF5 file via `model.save()` or `keras.saving.save_model(model)`. This file format is considered legacy. We recommend using instead the native Keras format, e.g. `model.save('my_model.keras')` or `keras.saving.save_model(model, 'my_model.keras')`. ]
[2024-11-19 22:53:38,999: WARNING: saving_api: You are saving your model as an HDF5 file via `model.save()` or `keras.saving.save_model(model)`. This file format is considered legacy. We recommend using instead the native Keras format, e.g. `model.save('my_model.keras')` or `keras.saving.save_model(model, 'my_model.keras')`. ]
[2024-11-19 22:53:39,070: INFO: main: >>>>>> stage Prepare base model completed <<<<<<

x==========x]
[2024-11-20 12:08:57,327: INFO: common: yaml file: config\config.yaml loaded successfully]
[2024-11-20 12:08:57,333: INFO: common: yaml file: params.yaml loaded successfully]
[2024-11-20 12:08:57,334: INFO: common: created directory at: artifacts]
[2024-11-20 12:12:38,459: INFO: common: yaml file: config\config.yaml loaded successfully]
[2024-11-20 12:12:38,461: INFO: common: yaml file: params.yaml loaded successfully]
[2024-11-20 12:12:38,463: INFO: common: created directory at: artifacts]
[2024-11-20 12:15:39,028: INFO: common: yaml file: config\config.yaml loaded successfully]
[2024-11-20 12:15:39,029: INFO: common: yaml file: params.yaml loaded successfully]
[2024-11-20 12:15:39,030: INFO: common: created directory at: artifacts]
[2024-11-20 12:15:39,031: INFO: common: created directory at: artifacts\training]
[2024-11-20 12:15:39,262: WARNING: saving_utils: Compiled the loaded model, but the compiled metrics have yet to be built. `model.compile_metrics` will be empty until you train or evaluate the model.]
[2024-11-20 12:19:34,924: INFO: common: yaml file: config\config.yaml loaded successfully]
[2024-11-20 12:19:34,925: INFO: common: yaml file: params.yaml loaded successfully]
[2024-11-20 12:19:34,926: INFO: common: created directory at: artifacts]
[2024-11-20 12:19:34,927: INFO: common: created directory at: artifacts\training]
[2024-11-20 12:19:35,047: WARNING: saving_utils: Compiled the loaded model, but the compiled metrics have yet to be built. `model.compile_metrics` will be empty until you train or evaluate the model.]
[2024-11-20 12:21:00,728: INFO: common: yaml file: config\config.yaml loaded successfully]
[2024-11-20 12:21:00,730: INFO: common: yaml file: params.yaml loaded successfully]
[2024-11-20 12:21:00,732: INFO: common: created directory at: artifacts]
[2024-11-20 12:21:00,734: INFO: common: created directory at: artifacts\training]
[2024-11-20 12:21:00,853: WARNING: saving_utils: Compiled the loaded model, but the compiled metrics have yet to be built. `model.compile_metrics` will be empty until you train or evaluate the model.]
[2024-11-20 12:30:09,842: INFO: common: yaml file: config\config.yaml loaded successfully]
[2024-11-20 12:30:09,851: INFO: common: yaml file: params.yaml loaded successfully]
[2024-11-20 12:30:09,852: INFO: common: created directory at: artifacts]
[2024-11-20 12:30:09,852: INFO: common: created directory at: artifacts\training]
[2024-11-20 12:30:09,959: WARNING: saving_utils: Compiled the loaded model, but the compiled metrics have yet to be built. `model.compile_metrics` will be empty until you train or evaluate the model.]
[2024-11-20 12:31:51,158: INFO: common: yaml file: config\config.yaml loaded successfully]
[2024-11-20 12:31:51,160: INFO: common: yaml file: params.yaml loaded successfully]
[2024-11-20 12:31:51,161: INFO: common: created directory at: artifacts]
[2024-11-20 12:31:51,162: INFO: common: created directory at: artifacts\training]
[2024-11-20 12:31:51,268: WARNING: saving_utils: Compiled the loaded model, but the compiled metrics have yet to be built. `model.compile_metrics` will be empty until you train or evaluate the model.]
[2024-11-20 12:34:25,434: INFO: common: yaml file: config\config.yaml loaded successfully]
[2024-11-20 12:34:25,436: INFO: common: yaml file: params.yaml loaded successfully]
[2024-11-20 12:34:25,436: INFO: common: created directory at: artifacts]
[2024-11-20 12:34:25,437: INFO: common: created directory at: artifacts\training]
[2024-11-20 12:34:25,521: WARNING: saving_utils: Compiled the loaded model, but the compiled metrics have yet to be built. `model.compile_metrics` will be empty until you train or evaluate the model.]
[2024-11-20 12:39:19,390: INFO: common: yaml file: config\config.yaml loaded successfully]
[2024-11-20 12:39:19,391: INFO: common: yaml file: params.yaml loaded successfully]
[2024-11-20 12:39:19,393: INFO: common: created directory at: artifacts]
[2024-11-20 12:39:19,393: INFO: common: created directory at: artifacts\training]
[2024-11-20 12:39:19,499: WARNING: saving_utils: Compiled the loaded model, but the compiled metrics have yet to be built. `model.compile_metrics` will be empty until you train or evaluate the model.]
[2024-11-20 22:22:47,765: INFO: common: yaml file: config\config.yaml loaded successfully]
[2024-11-20 22:22:47,769: INFO: common: yaml file: params.yaml loaded successfully]
[2024-11-20 22:22:47,770: INFO: common: created directory at: artifacts]
[2024-11-20 22:22:47,770: INFO: common: created directory at: artifacts\training]
[2024-11-20 22:22:48,025: WARNING: saving_utils: Compiled the loaded model, but the compiled metrics have yet to be built. `model.compile_metrics` will be empty until you train or evaluate the model.]
[2024-11-20 22:23:40,208: INFO: common: yaml file: config\config.yaml loaded successfully]
[2024-11-20 22:23:40,210: INFO: common: yaml file: params.yaml loaded successfully]
[2024-11-20 22:23:40,211: INFO: common: created directory at: artifacts]
[2024-11-20 22:23:40,213: INFO: common: created directory at: artifacts\training]
[2024-11-20 22:23:40,343: WARNING: saving_utils: Compiled the loaded model, but the compiled metrics have yet to be built. `model.compile_metrics` will be empty until you train or evaluate the model.]
[2024-11-20 22:24:50,656: INFO: common: yaml file: config\config.yaml loaded successfully]
[2024-11-20 22:24:50,658: INFO: common: yaml file: params.yaml loaded successfully]
[2024-11-20 22:24:50,658: INFO: common: created directory at: artifacts]
[2024-11-20 22:24:50,658: INFO: common: created directory at: artifacts\training]
[2024-11-20 22:24:50,806: WARNING: saving_utils: Compiled the loaded model, but the compiled metrics have yet to be built. `model.compile_metrics` will be empty until you train or evaluate the model.]
[2024-11-20 22:26:04,185: INFO: common: yaml file: config\config.yaml loaded successfully]
[2024-11-20 22:26:04,185: INFO: common: yaml file: params.yaml loaded successfully]
[2024-11-20 22:26:04,185: INFO: common: created directory at: artifacts]
[2024-11-20 22:26:04,185: INFO: common: created directory at: artifacts\training]
[2024-11-20 22:26:04,395: WARNING: saving_utils: Compiled the loaded model, but the compiled metrics have yet to be built. `model.compile_metrics` will be empty until you train or evaluate the model.]
[2024-11-20 22:58:08,016: INFO: common: yaml file: config\config.yaml loaded successfully]
[2024-11-20 22:58:08,016: INFO: common: yaml file: params.yaml loaded successfully]
[2024-11-20 22:58:08,016: INFO: common: created directory at: artifacts]
[2024-11-20 22:58:08,022: INFO: common: created directory at: artifacts\training]
[2024-11-20 22:58:08,274: WARNING: saving_utils: Compiled the loaded model, but the compiled metrics have yet to be built. `model.compile_metrics` will be empty until you train or evaluate the model.]
[2024-11-20 23:01:29,980: INFO: common: yaml file: config\config.yaml loaded successfully]
[2024-11-20 23:01:29,980: INFO: common: yaml file: params.yaml loaded successfully]
[2024-11-20 23:01:29,982: INFO: common: created directory at: artifacts]
[2024-11-20 23:01:29,984: INFO: common: created directory at: artifacts\training]
[2024-11-20 23:01:30,109: WARNING: saving_utils: Compiled the loaded model, but the compiled metrics have yet to be built. `model.compile_metrics` will be empty until you train or evaluate the model.]
[2024-11-20 23:03:59,234: INFO: common: yaml file: config\config.yaml loaded successfully]
[2024-11-20 23:03:59,240: INFO: common: yaml file: params.yaml loaded successfully]
[2024-11-20 23:03:59,242: INFO: common: created directory at: artifacts]
[2024-11-20 23:03:59,243: INFO: common: created directory at: artifacts\training]
[2024-11-20 23:03:59,382: WARNING: saving_utils: Compiled the loaded model, but the compiled metrics have yet to be built. `model.compile_metrics` will be empty until you train or evaluate the model.]
[2024-11-20 23:14:29,814: INFO: main: >>>>>> stage Data Ingestion stage started <<<<<<]
[2024-11-20 23:14:29,814: INFO: common: yaml file: config\config.yaml loaded successfully]
[2024-11-20 23:14:29,814: INFO: common: yaml file: params.yaml loaded successfully]
[2024-11-20 23:14:29,824: INFO: common: created directory at: artifacts]
[2024-11-20 23:14:29,824: INFO: common: created directory at: artifacts/data_ingestion]
[2024-11-20 23:14:29,824: INFO: data_ingestion: Downloading data from https://drive.google.com/file/d/1vlhZ5c7abUKF8xXERIw6m9Te8fW7ohw3/view?usp=sharing into file artifacts/data_ingestion/data.zip]
[2024-11-20 23:14:47,154: INFO: data_ingestion: Downloaded data from https://drive.google.com/file/d/1vlhZ5c7abUKF8xXERIw6m9Te8fW7ohw3/view?usp=sharing into file artifacts/data_ingestion/data.zip]
[2024-11-20 23:14:47,697: INFO: main: >>>>>> stage Data Ingestion stage completed <<<<<<

x==========x]
[2024-11-20 23:14:47,697: INFO: main: *******************]
[2024-11-20 23:14:47,697: INFO: main: >>>>>> stage Prepare base model started <<<<<<]
[2024-11-20 23:14:47,697: INFO: common: yaml file: config\config.yaml loaded successfully]
[2024-11-20 23:14:47,697: INFO: common: yaml file: params.yaml loaded successfully]
[2024-11-20 23:14:47,697: INFO: common: created directory at: artifacts]
[2024-11-20 23:14:47,697: INFO: common: created directory at: artifacts/prepare_base_model]
[2024-11-20 23:14:48,035: WARNING: saving_api: You are saving your model as an HDF5 file via `model.save()` or `keras.saving.save_model(model)`. This file format is considered legacy. We recommend using instead the native Keras format, e.g. `model.save('my_model.keras')` or `keras.saving.save_model(model, 'my_model.keras')`. ]
[2024-11-20 23:14:48,148: WARNING: saving_api: You are saving your model as an HDF5 file via `model.save()` or `keras.saving.save_model(model)`. This file format is considered legacy. We recommend using instead the native Keras format, e.g. `model.save('my_model.keras')` or `keras.saving.save_model(model, 'my_model.keras')`. ]
[2024-11-20 23:14:48,278: INFO: main: >>>>>> stage Prepare base model completed <<<<<<

x==========x]
[2024-11-20 23:15:22,940: INFO: common: yaml file: config\config.yaml loaded successfully]
[2024-11-20 23:15:22,940: INFO: common: yaml file: params.yaml loaded successfully]
[2024-11-20 23:15:22,943: INFO: common: created directory at: artifacts]
[2024-11-20 23:15:22,945: INFO: common: created directory at: artifacts\training]
[2024-11-20 23:15:23,140: WARNING: saving_utils: Compiled the loaded model, but the compiled metrics have yet to be built. `model.compile_metrics` will be empty until you train or evaluate the model.]
[2024-11-20 23:18:39,053: INFO: common: yaml file: config\config.yaml loaded successfully]
[2024-11-20 23:18:39,055: INFO: common: yaml file: params.yaml loaded successfully]
[2024-11-20 23:18:39,057: INFO: common: created directory at: artifacts]
[2024-11-20 23:18:39,058: INFO: common: created directory at: artifacts\training]
[2024-11-20 23:18:39,182: WARNING: saving_utils: Compiled the loaded model, but the compiled metrics have yet to be built. `model.compile_metrics` will be empty until you train or evaluate the model.]
[2024-11-20 23:23:54,410: INFO: common: yaml file: config\config.yaml loaded successfully]
[2024-11-20 23:23:54,410: INFO: common: yaml file: params.yaml loaded successfully]
[2024-11-20 23:23:54,415: INFO: common: created directory at: artifacts]
[2024-11-20 23:23:54,416: INFO: common: created directory at: artifacts/prepare_base_model]
[2024-11-20 23:23:54,688: WARNING: saving_api: You are saving your model as an HDF5 file via `model.save()` or `keras.saving.save_model(model)`. This file format is considered legacy. We recommend using instead the native Keras format, e.g. `model.save('my_model.keras')` or `keras.saving.save_model(model, 'my_model.keras')`. ]
[2024-11-20 23:23:54,811: WARNING: saving_api: You are saving your model as an HDF5 file via `model.save()` or `keras.saving.save_model(model)`. This file format is considered legacy. We recommend using instead the native Keras format, e.g. `model.save('my_model.keras')` or `keras.saving.save_model(model, 'my_model.keras')`. ]
